#
# There is insufficient memory for the Java Runtime Environment to continue.
# Native memory allocation (malloc) failed to allocate 1048576 bytes. Error detail: AllocateHeap
# Possible reasons:
#   The system is out of physical RAM or swap space
#   This process is running with CompressedOops enabled, and the Java Heap may be blocking the growth of the native heap
# Possible solutions:
#   Reduce memory load on the system
#   Increase physical memory or swap space
#   Check if swap backing store is full
#   Decrease Java heap size (-Xmx/-Xms)
#   Decrease number of Java threads
#   Decrease Java thread stack sizes (-Xss)
#   Set larger code cache with -XX:ReservedCodeCacheSize=
#   JVM is running with Unscaled Compressed Oops mode in which the Java heap is
#     placed in the first 4GB address space. The Java Heap base address is the
#     maximum limit for the native heap growth. Please use -XX:HeapBaseMinAddress
#     to set the Java Heap base and to place the Java Heap above 4GB virtual address.
# This output file may be truncated or incomplete.
#
#  Out of Memory Error (allocation.cpp:44), pid=3160, tid=1936
#
# JRE version: OpenJDK Runtime Environment Temurin-21.0.10+7 (21.0.10+7) (build 21.0.10+7-LTS)
# Java VM: OpenJDK 64-Bit Server VM Temurin-21.0.10+7 (21.0.10+7-LTS, mixed mode, sharing, tiered, compressed oops, compressed class ptrs, parallel gc, windows-amd64)
# No core dump will be written. Minidumps are not enabled by default on client versions of Windows
#

---------------  S U M M A R Y ------------

Command Line: --add-modules=ALL-SYSTEM --add-opens=java.base/java.util=ALL-UNNAMED --add-opens=java.base/java.lang=ALL-UNNAMED --add-opens=java.base/sun.nio.fs=ALL-UNNAMED -Declipse.application=org.eclipse.jdt.ls.core.id1 -Dosgi.bundles.defaultStartLevel=4 -Declipse.product=org.eclipse.jdt.ls.core.product -Djava.import.generatesMetadataFilesAtProjectRoot=false -DDetectVMInstallationsJob.disabled=true -Dfile.encoding=utf8 -XX:+UseParallelGC -XX:GCTimeRatio=4 -XX:AdaptiveSizePolicyWeight=90 -Dsun.zip.disableMemoryMapping=true -Xmx2G -Xms100m -Xlog:disable -javaagent:c:\Users\munsa\.vscode\extensions\redhat.java-1.53.0-win32-x64\lombok\lombok-1.18.39-4050.jar -XX:+HeapDumpOnOutOfMemoryError -XX:HeapDumpPath=c:\Users\munsa\AppData\Roaming\Code\User\workspaceStorage\7de210c26970b6d74fe4372243838d8d\redhat.java -Daether.dependencyCollector.impl=bf c:\Users\munsa\.vscode\extensions\redhat.java-1.53.0-win32-x64\server\plugins\org.eclipse.equinox.launcher_1.7.100.v20251111-0406.jar -configuration c:\Users\munsa\AppData\Roaming\Code\User\globalStorage\redhat.java\1.53.0\config_win -data c:\Users\munsa\AppData\Roaming\Code\User\workspaceStorage\7de210c26970b6d74fe4372243838d8d\redhat.java\jdt_ws --pipe=\\.\pipe\lsp-de995214713acab3c94ae94364e01b07-sock

Host: AMD Ryzen 5 6600H with Radeon Graphics         , 12 cores, 7G,  Windows 11 , 64 bit Build 26100 (10.0.26100.8115)
Time: Tue Apr 14 18:35:51 2026 Malay Peninsula Standard Time elapsed time: 10145.273715 seconds (0d 2h 49m 5s)

---------------  T H R E A D  ---------------

Current thread (0x000001ea62a48730):  JavaThread "Attach Listener" daemon [_thread_in_vm, id=1936, stack(0x000000694d900000,0x000000694da00000) (1024K)]

Stack: [0x000000694d900000,0x000000694da00000]
Native frames: (J=compiled Java code, j=interpreted, Vv=VM code, C=native code)
V  [jvm.dll+0x6d7a39]
V  [jvm.dll+0x8b4b26]
V  [jvm.dll+0x8b70de]
V  [jvm.dll+0x8b77c3]
V  [jvm.dll+0x284346]
V  [jvm.dll+0xc1277]
V  [jvm.dll+0x6d82e9]
V  [jvm.dll+0x1334a6]
V  [jvm.dll+0x3f857e]
V  [jvm.dll+0x85f59d]
V  [jvm.dll+0x6d626d]
C  [ucrtbase.dll+0x37b0]
C  [KERNEL32.DLL+0x2e8d7]
C  [ntdll.dll+0x8c3fc]


---------------  P R O C E S S  ---------------

Threads class SMR info:
_java_thread_list=0x000001ea46af06e0, length=39, elements={
0x000001ea6299d490, 0x000001ea62a3ef90, 0x000001ea62a43030, 0x000001ea62a480a0,
0x000001ea62a48730, 0x000001ea62a47380, 0x000001ea62a46cf0, 0x000001ea62a4ff60,
0x000001ea62a5bd50, 0x000001ea62a47a10, 0x000001ea62a48dc0, 0x000001ea62a45fd0,
0x000001ea62a45940, 0x000001ea62a46660, 0x000001ea7d999a50, 0x000001ea7d99c840,
0x000001ea7d99a0e0, 0x000001ea7d9993c0, 0x000001ea7d99c1b0, 0x000001ea7d99d560,
0x000001ea7d99ced0, 0x000001ea7d99dbf0, 0x000001ea7d99ae00, 0x000001ea7d99a770,
0x000001ea7d99efa0, 0x000001ea7d99fcc0, 0x000001ea7d9a0350, 0x000001ea7d99f630,
0x000001ea7d99e910, 0x000001ea7d9a09e0, 0x000001ea7d99e280, 0x000001ea45d7b0c0,
0x000001ea45d78960, 0x000001ea45d7a3a0, 0x000001ea45d79680, 0x000001ea45d7aa30,
0x000001ea45d7b750, 0x000001ea45d7bde0, 0x000001ea45d7ff80
}

Java Threads: ( => current thread )
  0x000001ea6299d490 JavaThread "main"                              [_thread_blocked, id=4796, stack(0x000000694d200000,0x000000694d300000) (1024K)]
  0x000001ea62a3ef90 JavaThread "Reference Handler"          daemon [_thread_blocked, id=22868, stack(0x000000694d600000,0x000000694d700000) (1024K)]
  0x000001ea62a43030 JavaThread "Finalizer"                  daemon [_thread_blocked, id=11008, stack(0x000000694d700000,0x000000694d800000) (1024K)]
  0x000001ea62a480a0 JavaThread "Signal Dispatcher"          daemon [_thread_blocked, id=1300, stack(0x000000694d800000,0x000000694d900000) (1024K)]
=>0x000001ea62a48730 JavaThread "Attach Listener"            daemon [_thread_in_vm, id=1936, stack(0x000000694d900000,0x000000694da00000) (1024K)]
  0x000001ea62a47380 JavaThread "Service Thread"             daemon [_thread_blocked, id=21108, stack(0x000000694da00000,0x000000694db00000) (1024K)]
  0x000001ea62a46cf0 JavaThread "Monitor Deflation Thread"   daemon [_thread_blocked, id=20548, stack(0x000000694db00000,0x000000694dc00000) (1024K)]
  0x000001ea62a4ff60 JavaThread "C2 CompilerThread0"         daemon [_thread_blocked, id=24324, stack(0x000000694dc00000,0x000000694dd00000) (1024K)]
  0x000001ea62a5bd50 JavaThread "C1 CompilerThread0"         daemon [_thread_blocked, id=18592, stack(0x000000694dd00000,0x000000694de00000) (1024K)]
  0x000001ea62a47a10 JavaThread "Common-Cleaner"             daemon [_thread_blocked, id=18392, stack(0x000000694de00000,0x000000694df00000) (1024K)]
  0x000001ea62a48dc0 JavaThread "Notification Thread"        daemon [_thread_blocked, id=25596, stack(0x000000694df00000,0x000000694e000000) (1024K)]
  0x000001ea62a45fd0 JavaThread "Active Thread: Equinox Container: d33d677f-67a3-4458-aea4-15675a596ec0"        [_thread_blocked, id=21244, stack(0x000000694e600000,0x000000694e700000) (1024K)]
  0x000001ea62a45940 JavaThread "Refresh Thread: Equinox Container: d33d677f-67a3-4458-aea4-15675a596ec0" daemon [_thread_blocked, id=22976, stack(0x000000694e800000,0x000000694e900000) (1024K)]
  0x000001ea62a46660 JavaThread "Framework Event Dispatcher: Equinox Container: d33d677f-67a3-4458-aea4-15675a596ec0" daemon [_thread_blocked, id=20996, stack(0x000000694e900000,0x000000694ea00000) (1024K)]
  0x000001ea7d999a50 JavaThread "Start Level: Equinox Container: d33d677f-67a3-4458-aea4-15675a596ec0" daemon [_thread_blocked, id=22492, stack(0x000000694ea00000,0x000000694eb00000) (1024K)]
  0x000001ea7d99c840 JavaThread "Bundle File Closer"         daemon [_thread_blocked, id=2328, stack(0x000000694ed00000,0x000000694ee00000) (1024K)]
  0x000001ea7d99a0e0 JavaThread "SCR Component Actor"        daemon [_thread_blocked, id=7964, stack(0x000000694ee00000,0x000000694ef00000) (1024K)]
  0x000001ea7d9993c0 JavaThread "Worker-JM"                         [_thread_blocked, id=21172, stack(0x000000694ef00000,0x000000694f000000) (1024K)]
  0x000001ea7d99c1b0 JavaThread "JNA Cleaner"                daemon [_thread_blocked, id=15372, stack(0x000000694f000000,0x000000694f100000) (1024K)]
  0x000001ea7d99d560 JavaThread "Worker-0"                          [_thread_blocked, id=12812, stack(0x000000694f100000,0x000000694f200000) (1024K)]
  0x000001ea7d99ced0 JavaThread "Java indexing"              daemon [_thread_blocked, id=13524, stack(0x000000694f400000,0x000000694f500000) (1024K)]
  0x000001ea7d99dbf0 JavaThread "Worker-2"                          [_thread_blocked, id=12440, stack(0x000000694f800000,0x000000694f900000) (1024K)]
  0x000001ea7d99ae00 JavaThread "Thread-1"                   daemon [_thread_in_native, id=7772, stack(0x000000694fa00000,0x000000694fb00000) (1024K)]
  0x000001ea7d99a770 JavaThread "Thread-2"                   daemon [_thread_in_native, id=9704, stack(0x000000694fb00000,0x000000694fc00000) (1024K)]
  0x000001ea7d99efa0 JavaThread "Thread-3"                   daemon [_thread_in_native, id=22000, stack(0x000000694fc00000,0x000000694fd00000) (1024K)]
  0x000001ea7d99fcc0 JavaThread "Thread-4"                   daemon [_thread_in_native, id=20680, stack(0x000000694fd00000,0x000000694fe00000) (1024K)]
  0x000001ea7d9a0350 JavaThread "Thread-5"                   daemon [_thread_in_native, id=17404, stack(0x000000694fe00000,0x000000694ff00000) (1024K)]
  0x000001ea7d99f630 JavaThread "Thread-6"                   daemon [_thread_in_native, id=20488, stack(0x000000694ff00000,0x0000006950000000) (1024K)]
  0x000001ea7d99e910 JavaThread "Thread-7"                   daemon [_thread_in_native, id=24172, stack(0x0000006950000000,0x0000006950100000) (1024K)]
  0x000001ea7d9a09e0 JavaThread "Thread-8"                   daemon [_thread_in_native, id=17400, stack(0x0000006950100000,0x0000006950200000) (1024K)]
  0x000001ea7d99e280 JavaThread "Thread-9"                   daemon [_thread_in_native, id=8800, stack(0x0000006950200000,0x0000006950300000) (1024K)]
  0x000001ea45d7b0c0 JavaThread "Thread-10"                  daemon [_thread_in_native, id=6184, stack(0x0000006950300000,0x0000006950400000) (1024K)]
  0x000001ea45d78960 JavaThread "Thread-11"                  daemon [_thread_in_native, id=7844, stack(0x0000006950400000,0x0000006950500000) (1024K)]
  0x000001ea45d7a3a0 JavaThread "Thread-12"                  daemon [_thread_in_native, id=23836, stack(0x0000006950500000,0x0000006950600000) (1024K)]
  0x000001ea45d79680 JavaThread "Thread-13"                  daemon [_thread_in_native, id=15400, stack(0x0000006950600000,0x0000006950700000) (1024K)]
  0x000001ea45d7aa30 JavaThread "pool-2-thread-1"                   [_thread_blocked, id=15852, stack(0x0000006950700000,0x0000006950800000) (1024K)]
  0x000001ea45d7b750 JavaThread "WorkspaceEventsHandler"            [_thread_blocked, id=17616, stack(0x0000006950900000,0x0000006950a00000) (1024K)]
  0x000001ea45d7bde0 JavaThread "pool-1-thread-1"                   [_thread_blocked, id=24316, stack(0x0000006950a00000,0x0000006950b00000) (1024K)]
  0x000001ea45d7ff80 JavaThread "Timer-0"                           [_thread_blocked, id=13608, stack(0x0000006951100000,0x0000006951200000) (1024K)]
Total: 39

Other Threads:
  0x000001ea62a3eb40 VMThread "VM Thread"                           [id=22784, stack(0x000000694d500000,0x000000694d600000) (1024K)]
  0x000001ea62a0a770 WatcherThread "VM Periodic Task Thread"        [id=22668, stack(0x000000694d400000,0x000000694d500000) (1024K)]
  0x000001ea629bbb00 WorkerThread "GC Thread#0"                     [id=23000, stack(0x000000694d300000,0x000000694d400000) (1024K)]
  0x000001ea7c92f5c0 WorkerThread "GC Thread#1"                     [id=11428, stack(0x000000694e000000,0x000000694e100000) (1024K)]
  0x000001ea7d7ab310 WorkerThread "GC Thread#2"                     [id=18800, stack(0x000000694e100000,0x000000694e200000) (1024K)]
  0x000001ea7d5fad80 WorkerThread "GC Thread#3"                     [id=22124, stack(0x000000694e200000,0x000000694e300000) (1024K)]
  0x000001ea7c95d790 WorkerThread "GC Thread#4"                     [id=3312, stack(0x000000694e300000,0x000000694e400000) (1024K)]
  0x000001ea7c95db40 WorkerThread "GC Thread#5"                     [id=12588, stack(0x000000694e400000,0x000000694e500000) (1024K)]
  0x000001ea7c95e300 WorkerThread "GC Thread#6"                     [id=18376, stack(0x000000694e500000,0x000000694e600000) (1024K)]
  0x000001ea7d55ed40 WorkerThread "GC Thread#7"                     [id=8716, stack(0x000000694e700000,0x000000694e800000) (1024K)]
  0x000001ea7d55e5e0 WorkerThread "GC Thread#8"                     [id=17976, stack(0x000000694eb00000,0x000000694ec00000) (1024K)]
  0x000001ea7d55e990 WorkerThread "GC Thread#9"                     [id=15060, stack(0x000000694ec00000,0x000000694ed00000) (1024K)]
Total: 12

Threads with active compile tasks:
Total: 0

VM state: not at safepoint (normal execution)

VM Mutex/Monitor currently owned by a thread: None

Heap address: 0x0000000080000000, size: 2048 MB, Compressed Oops mode: 32-bit

CDS archive(s) mapped at: [0x000001ea00000000-0x000001ea00ba0000-0x000001ea00ba0000), size 12189696, SharedBaseAddress: 0x000001ea00000000, ArchiveRelocationMode: 1.
Compressed class space mapped at: 0x000001ea01000000-0x000001ea41000000, reserved size: 1073741824
Narrow klass base: 0x000001ea00000000, Narrow klass shift: 0, Narrow klass range: 0x100000000

GC Precious Log:
 CardTable entry size: 512
 CPUs: 12 total, 12 available
 Memory: 7365M
 Large Page Support: Disabled
 NUMA Support: Disabled
 Compressed Oops: Enabled (32-bit)
 Alignments: Space 512K, Generation 512K, Heap 2M
 Heap Min Capacity: 100M
 Heap Initial Capacity: 100M
 Heap Max Capacity: 2G
 Pre-touch: Disabled
 Parallel Workers: 10

Heap:
 PSYoungGen      total 15872K, used 11105K [0x00000000d5580000, 0x00000000d6680000, 0x0000000100000000)
  eden space 14336K, 67% used [0x00000000d5580000,0x00000000d5f02408,0x00000000d6380000)
  from space 1536K, 89% used [0x00000000d6400000,0x00000000d6556200,0x00000000d6580000)
  to   space 1024K, 0% used [0x00000000d6580000,0x00000000d6580000,0x00000000d6680000)
 ParOldGen       total 68608K, used 58653K [0x0000000080000000, 0x0000000084300000, 0x00000000d5580000)
  object space 68608K, 85% used [0x0000000080000000,0x0000000083947498,0x0000000084300000)
 Metaspace       used 65330K, committed 66816K, reserved 1114112K
  class space    used 7766K, committed 8448K, reserved 1048576K

Card table byte_map: [0x000001ea76440000,0x000001ea76850000] _byte_map_base: 0x000001ea76040000

Marking Bits: (ParMarkBitMap*) 0x00007ff907ea3450
 Begin Bits: [0x000001ea76b00000, 0x000001ea78b00000)
 End Bits:   [0x000001ea78b00000, 0x000001ea7ab00000)

Polling page: 0x000001ea624b0000

Metaspace:

Usage:
  Non-class:     56.21 MB used.
      Class:      7.58 MB used.
       Both:     63.80 MB used.

Virtual space:
  Non-class space:       64.00 MB reserved,      57.00 MB ( 89%) committed,  1 nodes.
      Class space:        1.00 GB reserved,       8.25 MB ( <1%) committed,  1 nodes.
             Both:        1.06 GB reserved,      65.25 MB (  6%) committed. 

Chunk freelists:
   Non-Class:  6.34 MB
       Class:  7.66 MB
        Both:  14.01 MB

MaxMetaspaceSize: unlimited
CompressedClassSpaceSize: 1.00 GB
Initial GC threshold: 21.00 MB
Current GC threshold: 97.31 MB
CDS: on
 - commit_granule_bytes: 65536.
 - commit_granule_words: 8192.
 - virtual_space_node_default_size: 8388608.
 - enlarge_chunks_in_place: 1.
 - use_allocation_guard: 0.


Internal statistics:

num_allocs_failed_limit: 9.
num_arena_births: 1256.
num_arena_deaths: 14.
num_vsnodes_births: 2.
num_vsnodes_deaths: 0.
num_space_committed: 1044.
num_space_uncommitted: 0.
num_chunks_returned_to_freelist: 23.
num_chunks_taken_from_freelist: 3946.
num_chunk_merges: 12.
num_chunk_splits: 2549.
num_chunks_enlarged: 1586.
num_inconsistent_stats: 0.

CodeHeap 'non-profiled nmethods': size=120000Kb used=4785Kb max_used=4785Kb free=115214Kb
 bounds [0x000001ea6ed30000, 0x000001ea6f1e0000, 0x000001ea76260000]
CodeHeap 'profiled nmethods': size=120000Kb used=15958Kb max_used=15958Kb free=104041Kb
 bounds [0x000001ea67260000, 0x000001ea68200000, 0x000001ea6e790000]
CodeHeap 'non-nmethods': size=5760Kb used=1443Kb max_used=1506Kb free=4316Kb
 bounds [0x000001ea6e790000, 0x000001ea6ea00000, 0x000001ea6ed30000]
CodeCache: size=245760Kb, used=22186Kb, max_used=22249Kb, free=223571Kb
 total_blobs=8829, nmethods=8081, adapters=654, full_count=0
Compilation: enabled, stopped_count=0, restarted_count=0

Compilation events (20 events):
Event: 8751.860 Thread 0x000001ea62a5bd50 8772       3       org.eclipse.core.internal.jobs.InternalJob::internalGetState (9 bytes)
Event: 8751.862 Thread 0x000001ea62a5bd50 nmethod 8772 0x000001ea681f1310 code [0x000001ea681f14a0, 0x000001ea681f15b0]
Event: 8906.237 Thread 0x000001ea62a5bd50 8773       3       java.util.logging.Logger::getLogger (8 bytes)
Event: 8906.247 Thread 0x000001ea62a5bd50 nmethod 8773 0x000001ea681f1690 code [0x000001ea681f1860, 0x000001ea681f1a20]
Event: 8906.247 Thread 0x000001ea62a5bd50 8774       3       java.util.logging.Logger::getLogger (7 bytes)
Event: 8906.248 Thread 0x000001ea62a5bd50 nmethod 8774 0x000001ea681f1b10 code [0x000001ea681f1cc0, 0x000001ea681f1de8]
Event: 8906.248 Thread 0x000001ea62a5bd50 8775       3       java.util.logging.Logger::demandLogger (36 bytes)
Event: 8906.258 Thread 0x000001ea62a5bd50 nmethod 8775 0x000001ea681f1e90 code [0x000001ea681f2120, 0x000001ea681f2be0]
Event: 9139.371 Thread 0x000001ea62a4ff60 8776       4       java.util.concurrent.ThreadPoolExecutor::runStateAtLeast (11 bytes)
Event: 9139.379 Thread 0x000001ea62a4ff60 nmethod 8776 0x000001ea6f1dc210 code [0x000001ea6f1dc380, 0x000001ea6f1dc3f8]
Event: 9145.874 Thread 0x000001ea62a5bd50 8777       3       java.lang.ref.ReferenceQueue::remove0 (64 bytes)
Event: 9145.881 Thread 0x000001ea62a5bd50 nmethod 8777 0x000001ea681f3010 code [0x000001ea681f3220, 0x000001ea681f36a0]
Event: 9309.454 Thread 0x000001ea62a5bd50 8778   !   3       org.eclipse.osgi.container.ModuleDatabase::getTimestamp (25 bytes)
Event: 9309.489 Thread 0x000001ea62a5bd50 nmethod 8778 0x000001ea681f3810 code [0x000001ea681f3a60, 0x000001ea681f43a8]
Event: 9429.499 Thread 0x000001ea62a5bd50 8779       3       org.eclipse.osgi.storage.Storage::isReadOnly (10 bytes)
Event: 9429.518 Thread 0x000001ea62a5bd50 nmethod 8779 0x000001ea681f4810 code [0x000001ea681f49c0, 0x000001ea681f4b40]
Event: 9609.547 Thread 0x000001ea62a5bd50 8780   !   3       org.eclipse.osgi.internal.framework.StorageSaver$StorageSaverTask::run (31 bytes)
Event: 9609.594 Thread 0x000001ea62a5bd50 nmethod 8780 0x000001ea681f4c10 code [0x000001ea681f4de0, 0x000001ea681f5080]
Event: 9609.594 Thread 0x000001ea62a5bd50 8781   !   3       org.eclipse.osgi.storage.Storage::save (62 bytes)
Event: 9609.601 Thread 0x000001ea62a5bd50 nmethod 8781 0x000001ea681f5210 code [0x000001ea681f5400, 0x000001ea681f5770]

GC Heap History (20 events):
Event: 34.153 GC heap before
{Heap before GC invocations=39 (full 3):
 PSYoungGen      total 18944K, used 18647K [0x00000000d5580000, 0x00000000d6c00000, 0x0000000100000000)
  eden space 14848K, 100% used [0x00000000d5580000,0x00000000d6400000,0x00000000d6400000)
  from space 4096K, 92% used [0x00000000d6400000,0x00000000d67b5de8,0x00000000d6800000)
  to   space 4096K, 0% used [0x00000000d6800000,0x00000000d6800000,0x00000000d6c00000)
 ParOldGen       total 68608K, used 46161K [0x0000000080000000, 0x0000000084300000, 0x00000000d5580000)
  object space 68608K, 67% used [0x0000000080000000,0x0000000082d14570,0x0000000084300000)
 Metaspace       used 64150K, committed 65664K, reserved 1114112K
  class space    used 7637K, committed 8320K, reserved 1048576K
}
Event: 34.156 GC heap after
{Heap after GC invocations=39 (full 3):
 PSYoungGen      total 16384K, used 1376K [0x00000000d5580000, 0x00000000d6980000, 0x0000000100000000)
  eden space 14848K, 0% used [0x00000000d5580000,0x00000000d5580000,0x00000000d6400000)
  from space 1536K, 89% used [0x00000000d6800000,0x00000000d6958030,0x00000000d6980000)
  to   space 2560K, 0% used [0x00000000d6480000,0x00000000d6480000,0x00000000d6700000)
 ParOldGen       total 68608K, used 46427K [0x0000000080000000, 0x0000000084300000, 0x00000000d5580000)
  object space 68608K, 67% used [0x0000000080000000,0x0000000082d56e40,0x0000000084300000)
 Metaspace       used 64150K, committed 65664K, reserved 1114112K
  class space    used 7637K, committed 8320K, reserved 1048576K
}
Event: 34.230 GC heap before
{Heap before GC invocations=40 (full 3):
 PSYoungGen      total 16384K, used 16224K [0x00000000d5580000, 0x00000000d6980000, 0x0000000100000000)
  eden space 14848K, 100% used [0x00000000d5580000,0x00000000d6400000,0x00000000d6400000)
  from space 1536K, 89% used [0x00000000d6800000,0x00000000d6958030,0x00000000d6980000)
  to   space 2560K, 0% used [0x00000000d6480000,0x00000000d6480000,0x00000000d6700000)
 ParOldGen       total 68608K, used 46427K [0x0000000080000000, 0x0000000084300000, 0x00000000d5580000)
  object space 68608K, 67% used [0x0000000080000000,0x0000000082d56e40,0x0000000084300000)
 Metaspace       used 64350K, committed 65856K, reserved 1114112K
  class space    used 7664K, committed 8384K, reserved 1048576K
}
Event: 34.232 GC heap after
{Heap after GC invocations=40 (full 3):
 PSYoungGen      total 16384K, used 1472K [0x00000000d5580000, 0x00000000d6880000, 0x0000000100000000)
  eden space 14848K, 0% used [0x00000000d5580000,0x00000000d5580000,0x00000000d6400000)
  from space 1536K, 95% used [0x00000000d6480000,0x00000000d65f0010,0x00000000d6600000)
  to   space 2048K, 0% used [0x00000000d6680000,0x00000000d6680000,0x00000000d6880000)
 ParOldGen       total 68608K, used 47610K [0x0000000080000000, 0x0000000084300000, 0x00000000d5580000)
  object space 68608K, 69% used [0x0000000080000000,0x0000000082e7eb48,0x0000000084300000)
 Metaspace       used 64350K, committed 65856K, reserved 1114112K
  class space    used 7664K, committed 8384K, reserved 1048576K
}
Event: 34.310 GC heap before
{Heap before GC invocations=41 (full 3):
 PSYoungGen      total 16384K, used 16320K [0x00000000d5580000, 0x00000000d6880000, 0x0000000100000000)
  eden space 14848K, 100% used [0x00000000d5580000,0x00000000d6400000,0x00000000d6400000)
  from space 1536K, 95% used [0x00000000d6480000,0x00000000d65f0010,0x00000000d6600000)
  to   space 2048K, 0% used [0x00000000d6680000,0x00000000d6680000,0x00000000d6880000)
 ParOldGen       total 68608K, used 47610K [0x0000000080000000, 0x0000000084300000, 0x00000000d5580000)
  object space 68608K, 69% used [0x0000000080000000,0x0000000082e7eb48,0x0000000084300000)
 Metaspace       used 64373K, committed 65920K, reserved 1114112K
  class space    used 7664K, committed 8384K, reserved 1048576K
}
Event: 34.312 GC heap after
{Heap after GC invocations=41 (full 3):
 PSYoungGen      total 16384K, used 1440K [0x00000000d5580000, 0x00000000d6800000, 0x0000000100000000)
  eden space 14848K, 0% used [0x00000000d5580000,0x00000000d5580000,0x00000000d6400000)
  from space 1536K, 93% used [0x00000000d6680000,0x00000000d67e8000,0x00000000d6800000)
  to   space 1536K, 0% used [0x00000000d6480000,0x00000000d6480000,0x00000000d6600000)
 ParOldGen       total 68608K, used 48946K [0x0000000080000000, 0x0000000084300000, 0x00000000d5580000)
  object space 68608K, 71% used [0x0000000080000000,0x0000000082fccb68,0x0000000084300000)
 Metaspace       used 64373K, committed 65920K, reserved 1114112K
  class space    used 7664K, committed 8384K, reserved 1048576K
}
Event: 34.444 GC heap before
{Heap before GC invocations=42 (full 3):
 PSYoungGen      total 16384K, used 16288K [0x00000000d5580000, 0x00000000d6800000, 0x0000000100000000)
  eden space 14848K, 100% used [0x00000000d5580000,0x00000000d6400000,0x00000000d6400000)
  from space 1536K, 93% used [0x00000000d6680000,0x00000000d67e8000,0x00000000d6800000)
  to   space 1536K, 0% used [0x00000000d6480000,0x00000000d6480000,0x00000000d6600000)
 ParOldGen       total 68608K, used 48946K [0x0000000080000000, 0x0000000084300000, 0x00000000d5580000)
  object space 68608K, 71% used [0x0000000080000000,0x0000000082fccb68,0x0000000084300000)
 Metaspace       used 64754K, committed 66240K, reserved 1114112K
  class space    used 7721K, committed 8448K, reserved 1048576K
}
Event: 34.449 GC heap after
{Heap after GC invocations=42 (full 3):
 PSYoungGen      total 16384K, used 1506K [0x00000000d5580000, 0x00000000d6b00000, 0x0000000100000000)
  eden space 14848K, 0% used [0x00000000d5580000,0x00000000d5580000,0x00000000d6400000)
  from space 1536K, 98% used [0x00000000d6480000,0x00000000d65f8810,0x00000000d6600000)
  to   space 3584K, 0% used [0x00000000d6780000,0x00000000d6780000,0x00000000d6b00000)
 ParOldGen       total 68608K, used 50434K [0x0000000080000000, 0x0000000084300000, 0x00000000d5580000)
  object space 68608K, 73% used [0x0000000080000000,0x0000000083140b78,0x0000000084300000)
 Metaspace       used 64754K, committed 66240K, reserved 1114112K
  class space    used 7721K, committed 8448K, reserved 1048576K
}
Event: 34.503 GC heap before
{Heap before GC invocations=43 (full 3):
 PSYoungGen      total 16384K, used 16354K [0x00000000d5580000, 0x00000000d6b00000, 0x0000000100000000)
  eden space 14848K, 100% used [0x00000000d5580000,0x00000000d6400000,0x00000000d6400000)
  from space 1536K, 98% used [0x00000000d6480000,0x00000000d65f8810,0x00000000d6600000)
  to   space 3584K, 0% used [0x00000000d6780000,0x00000000d6780000,0x00000000d6b00000)
 ParOldGen       total 68608K, used 50434K [0x0000000080000000, 0x0000000084300000, 0x00000000d5580000)
  object space 68608K, 73% used [0x0000000080000000,0x0000000083140b78,0x0000000084300000)
 Metaspace       used 64758K, committed 66240K, reserved 1114112K
  class space    used 7721K, committed 8448K, reserved 1048576K
}
Event: 34.505 GC heap after
{Heap after GC invocations=43 (full 3):
 PSYoungGen      total 16896K, used 1600K [0x00000000d5580000, 0x00000000d6980000, 0x0000000100000000)
  eden space 14848K, 0% used [0x00000000d5580000,0x00000000d5580000,0x00000000d6400000)
  from space 2048K, 78% used [0x00000000d6780000,0x00000000d6910000,0x00000000d6980000)
  to   space 2560K, 0% used [0x00000000d6480000,0x00000000d6480000,0x00000000d6700000)
 ParOldGen       total 68608K, used 51929K [0x0000000080000000, 0x0000000084300000, 0x00000000d5580000)
  object space 68608K, 75% used [0x0000000080000000,0x00000000832b64b0,0x0000000084300000)
 Metaspace       used 64758K, committed 66240K, reserved 1114112K
  class space    used 7721K, committed 8448K, reserved 1048576K
}
Event: 34.550 GC heap before
{Heap before GC invocations=44 (full 3):
 PSYoungGen      total 16896K, used 16448K [0x00000000d5580000, 0x00000000d6980000, 0x0000000100000000)
  eden space 14848K, 100% used [0x00000000d5580000,0x00000000d6400000,0x00000000d6400000)
  from space 2048K, 78% used [0x00000000d6780000,0x00000000d6910000,0x00000000d6980000)
  to   space 2560K, 0% used [0x00000000d6480000,0x00000000d6480000,0x00000000d6700000)
 ParOldGen       total 68608K, used 51929K [0x0000000080000000, 0x0000000084300000, 0x00000000d5580000)
  object space 68608K, 75% used [0x0000000080000000,0x00000000832b64b0,0x0000000084300000)
 Metaspace       used 64772K, committed 66240K, reserved 1114112K
  class space    used 7721K, committed 8448K, reserved 1048576K
}
Event: 34.552 GC heap after
{Heap after GC invocations=44 (full 3):
 PSYoungGen      total 16384K, used 1312K [0x00000000d5580000, 0x00000000d6800000, 0x0000000100000000)
  eden space 14848K, 0% used [0x00000000d5580000,0x00000000d5580000,0x00000000d6400000)
  from space 1536K, 85% used [0x00000000d6480000,0x00000000d65c8000,0x00000000d6600000)
  to   space 1536K, 0% used [0x00000000d6680000,0x00000000d6680000,0x00000000d6800000)
 ParOldGen       total 68608K, used 53407K [0x0000000080000000, 0x0000000084300000, 0x00000000d5580000)
  object space 68608K, 77% used [0x0000000080000000,0x0000000083427e60,0x0000000084300000)
 Metaspace       used 64772K, committed 66240K, reserved 1114112K
  class space    used 7721K, committed 8448K, reserved 1048576K
}
Event: 34.594 GC heap before
{Heap before GC invocations=45 (full 3):
 PSYoungGen      total 16384K, used 16160K [0x00000000d5580000, 0x00000000d6800000, 0x0000000100000000)
  eden space 14848K, 100% used [0x00000000d5580000,0x00000000d6400000,0x00000000d6400000)
  from space 1536K, 85% used [0x00000000d6480000,0x00000000d65c8000,0x00000000d6600000)
  to   space 1536K, 0% used [0x00000000d6680000,0x00000000d6680000,0x00000000d6800000)
 ParOldGen       total 68608K, used 53407K [0x0000000080000000, 0x0000000084300000, 0x00000000d5580000)
  object space 68608K, 77% used [0x0000000080000000,0x0000000083427e60,0x0000000084300000)
 Metaspace       used 64777K, committed 66304K, reserved 1114112K
  class space    used 7721K, committed 8448K, reserved 1048576K
}
Event: 34.596 GC heap after
{Heap after GC invocations=45 (full 3):
 PSYoungGen      total 15872K, used 1508K [0x00000000d5580000, 0x00000000d6a00000, 0x0000000100000000)
  eden space 14336K, 0% used [0x00000000d5580000,0x00000000d5580000,0x00000000d6380000)
  from space 1536K, 98% used [0x00000000d6680000,0x00000000d67f9000,0x00000000d6800000)
  to   space 3072K, 0% used [0x00000000d6380000,0x00000000d6380000,0x00000000d6680000)
 ParOldGen       total 68608K, used 54535K [0x0000000080000000, 0x0000000084300000, 0x00000000d5580000)
  object space 68608K, 79% used [0x0000000080000000,0x0000000083541e60,0x0000000084300000)
 Metaspace       used 64777K, committed 66304K, reserved 1114112K
  class space    used 7721K, committed 8448K, reserved 1048576K
}
Event: 34.650 GC heap before
{Heap before GC invocations=46 (full 3):
 PSYoungGen      total 15872K, used 15844K [0x00000000d5580000, 0x00000000d6a00000, 0x0000000100000000)
  eden space 14336K, 100% used [0x00000000d5580000,0x00000000d6380000,0x00000000d6380000)
  from space 1536K, 98% used [0x00000000d6680000,0x00000000d67f9000,0x00000000d6800000)
  to   space 3072K, 0% used [0x00000000d6380000,0x00000000d6380000,0x00000000d6680000)
 ParOldGen       total 68608K, used 54535K [0x0000000080000000, 0x0000000084300000, 0x00000000d5580000)
  object space 68608K, 79% used [0x0000000080000000,0x0000000083541e60,0x0000000084300000)
 Metaspace       used 64788K, committed 66304K, reserved 1114112K
  class space    used 7722K, committed 8448K, reserved 1048576K
}
Event: 34.653 GC heap after
{Heap after GC invocations=46 (full 3):
 PSYoungGen      total 16384K, used 1568K [0x00000000d5580000, 0x00000000d6780000, 0x0000000100000000)
  eden space 14336K, 0% used [0x00000000d5580000,0x00000000d5580000,0x00000000d6380000)
  from space 2048K, 76% used [0x00000000d6380000,0x00000000d6508010,0x00000000d6580000)
  to   space 2048K, 0% used [0x00000000d6580000,0x00000000d6580000,0x00000000d6780000)
 ParOldGen       total 68608K, used 56013K [0x0000000080000000, 0x0000000084300000, 0x00000000d5580000)
  object space 68608K, 81% used [0x0000000080000000,0x00000000836b3488,0x0000000084300000)
 Metaspace       used 64788K, committed 66304K, reserved 1114112K
  class space    used 7722K, committed 8448K, reserved 1048576K
}
Event: 34.704 GC heap before
{Heap before GC invocations=47 (full 3):
 PSYoungGen      total 16384K, used 15904K [0x00000000d5580000, 0x00000000d6780000, 0x0000000100000000)
  eden space 14336K, 100% used [0x00000000d5580000,0x00000000d6380000,0x00000000d6380000)
  from space 2048K, 76% used [0x00000000d6380000,0x00000000d6508010,0x00000000d6580000)
  to   space 2048K, 0% used [0x00000000d6580000,0x00000000d6580000,0x00000000d6780000)
 ParOldGen       total 68608K, used 56013K [0x0000000080000000, 0x0000000084300000, 0x00000000d5580000)
  object space 68608K, 81% used [0x0000000080000000,0x00000000836b3488,0x0000000084300000)
 Metaspace       used 64828K, committed 66368K, reserved 1114112K
  class space    used 7724K, committed 8448K, reserved 1048576K
}
Event: 34.707 GC heap after
{Heap after GC invocations=47 (full 3):
 PSYoungGen      total 15872K, used 1280K [0x00000000d5580000, 0x00000000d6700000, 0x0000000100000000)
  eden space 14336K, 0% used [0x00000000d5580000,0x00000000d5580000,0x00000000d6380000)
  from space 1536K, 83% used [0x00000000d6580000,0x00000000d66c0000,0x00000000d6700000)
  to   space 1536K, 0% used [0x00000000d6400000,0x00000000d6400000,0x00000000d6580000)
 ParOldGen       total 68608K, used 57477K [0x0000000080000000, 0x0000000084300000, 0x00000000d5580000)
  object space 68608K, 83% used [0x0000000080000000,0x0000000083821498,0x0000000084300000)
 Metaspace       used 64828K, committed 66368K, reserved 1114112K
  class space    used 7724K, committed 8448K, reserved 1048576K
}
Event: 34.755 GC heap before
{Heap before GC invocations=48 (full 3):
 PSYoungGen      total 15872K, used 15616K [0x00000000d5580000, 0x00000000d6700000, 0x0000000100000000)
  eden space 14336K, 100% used [0x00000000d5580000,0x00000000d6380000,0x00000000d6380000)
  from space 1536K, 83% used [0x00000000d6580000,0x00000000d66c0000,0x00000000d6700000)
  to   space 1536K, 0% used [0x00000000d6400000,0x00000000d6400000,0x00000000d6580000)
 ParOldGen       total 68608K, used 57477K [0x0000000080000000, 0x0000000084300000, 0x00000000d5580000)
  object space 68608K, 83% used [0x0000000080000000,0x0000000083821498,0x0000000084300000)
 Metaspace       used 64843K, committed 66368K, reserved 1114112K
  class space    used 7724K, committed 8448K, reserved 1048576K
}
Event: 34.757 GC heap after
{Heap after GC invocations=48 (full 3):
 PSYoungGen      total 15872K, used 1368K [0x00000000d5580000, 0x00000000d6680000, 0x0000000100000000)
  eden space 14336K, 0% used [0x00000000d5580000,0x00000000d5580000,0x00000000d6380000)
  from space 1536K, 89% used [0x00000000d6400000,0x00000000d6556200,0x00000000d6580000)
  to   space 1024K, 0% used [0x00000000d6580000,0x00000000d6580000,0x00000000d6680000)
 ParOldGen       total 68608K, used 58653K [0x0000000080000000, 0x0000000084300000, 0x00000000d5580000)
  object space 68608K, 85% used [0x0000000080000000,0x0000000083947498,0x0000000084300000)
 Metaspace       used 64843K, committed 66368K, reserved 1114112K
  class space    used 7724K, committed 8448K, reserved 1048576K
}

Dll operation events (15 events):
Event: 0.018 Loaded shared library c:\Users\munsa\.vscode\extensions\redhat.java-1.53.0-win32-x64\jre\21.0.10-win32-x86_64\bin\java.dll
Event: 0.163 Loaded shared library c:\Users\munsa\.vscode\extensions\redhat.java-1.53.0-win32-x64\jre\21.0.10-win32-x86_64\bin\zip.dll
Event: 0.194 Loaded shared library C:\Users\munsa\.vscode\extensions\redhat.java-1.53.0-win32-x64\jre\21.0.10-win32-x86_64\bin\instrument.dll
Event: 0.203 Loaded shared library C:\Users\munsa\.vscode\extensions\redhat.java-1.53.0-win32-x64\jre\21.0.10-win32-x86_64\bin\net.dll
Event: 0.207 Loaded shared library C:\Users\munsa\.vscode\extensions\redhat.java-1.53.0-win32-x64\jre\21.0.10-win32-x86_64\bin\nio.dll
Event: 0.213 Loaded shared library C:\Users\munsa\.vscode\extensions\redhat.java-1.53.0-win32-x64\jre\21.0.10-win32-x86_64\bin\zip.dll
Event: 0.243 Loaded shared library C:\Users\munsa\.vscode\extensions\redhat.java-1.53.0-win32-x64\jre\21.0.10-win32-x86_64\bin\jimage.dll
Event: 0.395 Loaded shared library c:\Users\munsa\.vscode\extensions\redhat.java-1.53.0-win32-x64\jre\21.0.10-win32-x86_64\bin\verify.dll
Event: 11.028 Loaded shared library C:\Users\munsa\AppData\Roaming\Code\User\globalStorage\redhat.java\1.53.0\config_win\org.eclipse.equinox.launcher\org.eclipse.equinox.launcher.win32.win32.x86_64_1.3.0.v20260203-2149\eclipse_11919.dll
Event: 16.913 Loaded shared library C:\Users\munsa\AppData\Local\Temp\jna-104258708\jna12029344323451212875.dll
Event: 18.549 Loaded shared library C:\Users\munsa\.vscode\extensions\redhat.java-1.53.0-win32-x64\jre\21.0.10-win32-x86_64\bin\sunmscapi.dll
Event: 18.614 Loaded shared library C:\Users\munsa\.vscode\extensions\redhat.java-1.53.0-win32-x64\jre\21.0.10-win32-x86_64\bin\extnet.dll
Event: 21.186 Loaded shared library C:\Users\munsa\.gradle\native\1def1411415f61bf3af743bc5b6707747c0891f09f0c88961ee8f79bc544acac\windows-amd64\native-platform.dll
Event: 22.479 Loaded shared library C:\Users\munsa\.vscode\extensions\redhat.java-1.53.0-win32-x64\jre\21.0.10-win32-x86_64\bin\management.dll
Event: 22.485 Loaded shared library C:\Users\munsa\.vscode\extensions\redhat.java-1.53.0-win32-x64\jre\21.0.10-win32-x86_64\bin\management_ext.dll

Deoptimization events (20 events):
Event: 34.772 Thread 0x000001ea45d7c470 DEOPT PACKING pc=0x000001ea681536ae sp=0x00000069508fddf0
Event: 34.773 Thread 0x000001ea45d7c470 DEOPT UNPACKING pc=0x000001ea6e7e4242 sp=0x00000069508fd278 mode 0
Event: 34.811 Thread 0x000001ea45d7deb0 DEOPT PACKING pc=0x000001ea67e472a0 sp=0x00000069510fe500
Event: 34.811 Thread 0x000001ea45d7deb0 DEOPT UNPACKING pc=0x000001ea6e7e4242 sp=0x00000069510fda08 mode 3
Event: 34.811 Thread 0x000001ea45d7deb0 Uncommon trap: trap_request=0xffffff45 fr.pc=0x000001ea6f031540 relative=0x0000000000000ca0
Event: 34.811 Thread 0x000001ea45d7deb0 Uncommon trap: reason=unstable_if action=reinterpret pc=0x000001ea6f031540 method=java.util.concurrent.ConcurrentHashMap.putVal(Ljava/lang/Object;Ljava/lang/Object;Z)Ljava/lang/Object; @ 245 c2
Event: 34.811 Thread 0x000001ea45d7deb0 DEOPT PACKING pc=0x000001ea6f031540 sp=0x00000069510fe6f0
Event: 34.811 Thread 0x000001ea45d7deb0 DEOPT UNPACKING pc=0x000001ea6e7e3aa2 sp=0x00000069510fe698 mode 2
Event: 34.823 Thread 0x000001ea45d7c470 Uncommon trap: trap_request=0xffffff45 fr.pc=0x000001ea6f1673e8 relative=0x0000000000000308
Event: 34.823 Thread 0x000001ea45d7c470 Uncommon trap: reason=unstable_if action=reinterpret pc=0x000001ea6f1673e8 method=jdk.internal.jimage.ImageStringsReader.stringFromByteBufferMatches(Ljava/nio/ByteBuffer;ILjava/lang/String;I)I @ 59 c2
Event: 34.823 Thread 0x000001ea45d7c470 DEOPT PACKING pc=0x000001ea6f1673e8 sp=0x00000069508fddc0
Event: 34.823 Thread 0x000001ea45d7c470 DEOPT UNPACKING pc=0x000001ea6e7e3aa2 sp=0x00000069508fdd38 mode 2
Event: 34.823 Thread 0x000001ea45d7c470 Uncommon trap: trap_request=0xffffff45 fr.pc=0x000001ea6f1a3f74 relative=0x0000000000000b54
Event: 34.823 Thread 0x000001ea45d7c470 Uncommon trap: reason=unstable_if action=reinterpret pc=0x000001ea6f1a3f74 method=jdk.internal.jrtfs.JrtFileSystem.checkNode(Ljdk/internal/jrtfs/JrtPath;)Ljdk/internal/jimage/ImageReader$Node; @ 16 c2
Event: 34.823 Thread 0x000001ea45d7c470 DEOPT PACKING pc=0x000001ea6f1a3f74 sp=0x00000069508fe0b0
Event: 34.823 Thread 0x000001ea45d7c470 DEOPT UNPACKING pc=0x000001ea6e7e3aa2 sp=0x00000069508fe0b0 mode 2
Event: 34.824 Thread 0x000001ea45d7c470 Uncommon trap: trap_request=0xffffff45 fr.pc=0x000001ea6f180fcc relative=0x000000000000114c
Event: 34.824 Thread 0x000001ea45d7c470 Uncommon trap: reason=unstable_if action=reinterpret pc=0x000001ea6f180fcc method=org.eclipse.jdt.internal.core.util.Util.splitOn(CLjava/lang/String;II)[Ljava/lang/String; @ 16 c2
Event: 34.824 Thread 0x000001ea45d7c470 DEOPT PACKING pc=0x000001ea6f180fcc sp=0x00000069508fe910
Event: 34.824 Thread 0x000001ea45d7c470 DEOPT UNPACKING pc=0x000001ea6e7e3aa2 sp=0x00000069508fe8f0 mode 2

Classes loaded (20 events):
Event: 34.060 Loading class java/util/concurrent/CompletableFuture$UniExceptionally
Event: 34.060 Loading class java/util/concurrent/CompletableFuture$UniExceptionally done
Event: 34.180 Loading class java/util/regex/PatternSyntaxException
Event: 34.180 Loading class java/util/regex/PatternSyntaxException done
Event: 34.366 Loading class java/nio/channels/Channels$ReadableByteChannelImpl
Event: 34.366 Loading class java/nio/channels/Channels$ReadableByteChannelImpl done
Event: 34.367 Loading class java/nio/channels/NonWritableChannelException
Event: 34.367 Loading class java/nio/channels/NonWritableChannelException done
Event: 34.791 Loading class java/util/stream/DistinctOps
Event: 34.791 Loading class java/util/stream/DistinctOps done
Event: 34.791 Loading class java/util/stream/DistinctOps$1
Event: 34.791 Loading class java/util/stream/DistinctOps$1 done
Event: 34.793 Loading class java/util/stream/DistinctOps$1$2
Event: 34.794 Loading class java/util/stream/DistinctOps$1$2 done
Event: 34.818 Loading class java/util/AbstractList$RandomAccessSubList
Event: 34.818 Loading class java/util/AbstractList$SubList
Event: 34.819 Loading class java/util/AbstractList$SubList done
Event: 34.819 Loading class java/util/AbstractList$RandomAccessSubList done
Event: 34.819 Loading class java/util/AbstractList$SubList$1
Event: 34.819 Loading class java/util/AbstractList$SubList$1 done

Classes unloaded (7 events):
Event: 17.487 Thread 0x000001ea62a3eb40 Unloading class 0x000001ea011a6c00 'java/lang/invoke/LambdaForm$MH+0x000001ea011a6c00'
Event: 17.487 Thread 0x000001ea62a3eb40 Unloading class 0x000001ea011a6800 'java/lang/invoke/LambdaForm$MH+0x000001ea011a6800'
Event: 17.487 Thread 0x000001ea62a3eb40 Unloading class 0x000001ea011a6400 'java/lang/invoke/LambdaForm$MH+0x000001ea011a6400'
Event: 17.487 Thread 0x000001ea62a3eb40 Unloading class 0x000001ea011a6000 'java/lang/invoke/LambdaForm$MH+0x000001ea011a6000'
Event: 17.487 Thread 0x000001ea62a3eb40 Unloading class 0x000001ea011a5c00 'java/lang/invoke/LambdaForm$BMH+0x000001ea011a5c00'
Event: 17.487 Thread 0x000001ea62a3eb40 Unloading class 0x000001ea011a5800 'java/lang/invoke/LambdaForm$DMH+0x000001ea011a5800'
Event: 17.487 Thread 0x000001ea62a3eb40 Unloading class 0x000001ea011a4400 'java/lang/invoke/LambdaForm$DMH+0x000001ea011a4400'

Classes redefined (0 events):
No events

Internal exceptions (20 events):
Event: 33.885 Thread 0x000001ea45d7c470 Exception <a 'java/io/FileNotFoundException'{0x00000000d55d32f0}> (0x00000000d55d32f0) 
thrown [s\src\hotspot\share\prims\jni.cpp, line 520]
Event: 33.910 Thread 0x000001ea45d7c470 Exception <a 'sun/nio/fs/WindowsException'{0x00000000d5722f00}> (0x00000000d5722f00) 
thrown [s\src\hotspot\share\prims\jni.cpp, line 520]
Event: 33.910 Thread 0x000001ea45d7c470 Exception <a 'sun/nio/fs/WindowsException'{0x00000000d5723530}> (0x00000000d5723530) 
thrown [s\src\hotspot\share\prims\jni.cpp, line 520]
Event: 33.911 Thread 0x000001ea45d7c470 Exception <a 'sun/nio/fs/WindowsException'{0x00000000d5723fc8}> (0x00000000d5723fc8) 
thrown [s\src\hotspot\share\prims\jni.cpp, line 520]
Event: 33.911 Thread 0x000001ea45d7c470 Exception <a 'sun/nio/fs/WindowsException'{0x00000000d5724860}> (0x00000000d5724860) 
thrown [s\src\hotspot\share\prims\jni.cpp, line 520]
Event: 33.961 Thread 0x000001ea45d7c470 Implicit null exception at 0x000001ea6efa9b03 to 0x000001ea6efa9d84
Event: 33.962 Thread 0x000001ea45d7c470 Exception <a 'java/lang/NoSuchMethodError'{0x00000000d5919a68}: 'java.lang.Object java.lang.invoke.DelegatingMethodHandle$Holder.reinvoke_L(java.lang.Object, int, long, java.lang.Object, java.lang.Object, int, java.lang.Object)'> (0x00000000d5919a68) 
thrown [s\src\hotspot\share\interpreter\linkResolver.cpp, line 773]
Event: 34.056 Thread 0x000001ea45d7bde0 Exception <a 'java/lang/IncompatibleClassChangeError'{0x00000000d5cf1db8}: Found class java.lang.Object, but interface was expected> (0x00000000d5cf1db8) 
thrown [s\src\hotspot\share\interpreter\linkResolver.cpp, line 840]
Event: 34.085 Thread 0x000001ea45d7c470 Exception <a 'java/lang/NoSuchMethodError'{0x00000000d5f1a4c8}: 'java.lang.Object java.lang.invoke.Invokers$Holder.invoke_MT(java.lang.Object, java.lang.Object, java.lang.Object, java.lang.Object, java.lang.Object, java.lang.Object, java.lang.Object, java.lang.Object, java.lang.Object, java.lang.Object)'> (0x00000000d5f1a4c8) 
thrown [s\src\hotspot\share\interpreter\linkResolver.cpp, line 773]
Event: 34.206 Thread 0x000001ea45d7cb00 Exception <a 'java/lang/NoSuchMethodError'{0x00000000d5f1a2d0}: 'java.lang.Object java.lang.invoke.DirectMethodHandle$Holder.invokeStaticInit(java.lang.Object, java.lang.Object, java.lang.Object)'> (0x00000000d5f1a2d0) 
thrown [s\src\hotspot\share\interpreter\linkResolver.cpp, line 773]
Event: 34.779 Thread 0x000001ea45d7c470 Exception <a 'java/io/FileNotFoundException'{0x00000000d5b3f9e0}> (0x00000000d5b3f9e0) 
thrown [s\src\hotspot\share\prims\jni.cpp, line 520]
Event: 34.780 Thread 0x000001ea45d7c470 Exception <a 'java/io/FileNotFoundException'{0x00000000d5b40760}> (0x00000000d5b40760) 
thrown [s\src\hotspot\share\prims\jni.cpp, line 520]
Event: 34.787 Thread 0x000001ea45d7c470 Exception <a 'sun/nio/fs/WindowsException'{0x00000000d5babcb0}> (0x00000000d5babcb0) 
thrown [s\src\hotspot\share\prims\jni.cpp, line 520]
Event: 34.787 Thread 0x000001ea45d7c470 Exception <a 'sun/nio/fs/WindowsException'{0x00000000d5bac2e0}> (0x00000000d5bac2e0) 
thrown [s\src\hotspot\share\prims\jni.cpp, line 520]
Event: 34.800 Thread 0x000001ea45d7deb0 Exception <a 'sun/nio/fs/WindowsException'{0x00000000d5c1c400}> (0x00000000d5c1c400) 
thrown [s\src\hotspot\share\prims\jni.cpp, line 520]
Event: 34.800 Thread 0x000001ea45d7deb0 Exception <a 'sun/nio/fs/WindowsException'{0x00000000d5c1cce0}> (0x00000000d5c1cce0) 
thrown [s\src\hotspot\share\prims\jni.cpp, line 520]
Event: 34.800 Thread 0x000001ea45d7deb0 Exception <a 'sun/nio/fs/WindowsException'{0x00000000d5c1da40}> (0x00000000d5c1da40) 
thrown [s\src\hotspot\share\prims\jni.cpp, line 520]
Event: 34.800 Thread 0x000001ea45d7deb0 Exception <a 'sun/nio/fs/WindowsException'{0x00000000d5c1e320}> (0x00000000d5c1e320) 
thrown [s\src\hotspot\share\prims\jni.cpp, line 520]
Event: 34.801 Thread 0x000001ea45d7deb0 Exception <a 'sun/nio/fs/WindowsException'{0x00000000d5c1fa10}> (0x00000000d5c1fa10) 
thrown [s\src\hotspot\share\prims\jni.cpp, line 520]
Event: 34.801 Thread 0x000001ea45d7deb0 Exception <a 'sun/nio/fs/WindowsException'{0x00000000d5c202f0}> (0x00000000d5c202f0) 
thrown [s\src\hotspot\share\prims\jni.cpp, line 520]

ZGC Phase Switch (0 events):
No events

VM Operations (20 events):
Event: 9834.726 Executing non-safepoint VM operation: HandshakeAllThreads (HandshakeForDeflation)
Event: 9834.727 Executing non-safepoint VM operation: HandshakeAllThreads (HandshakeForDeflation) done
Event: 9834.727 Executing non-safepoint VM operation: RendezvousGCThreads
Event: 9834.727 Executing non-safepoint VM operation: RendezvousGCThreads done
Event: 9894.905 Executing non-safepoint VM operation: HandshakeAllThreads (HandshakeForDeflation)
Event: 9894.906 Executing non-safepoint VM operation: HandshakeAllThreads (HandshakeForDeflation) done
Event: 9894.907 Executing non-safepoint VM operation: RendezvousGCThreads
Event: 9894.907 Executing non-safepoint VM operation: RendezvousGCThreads done
Event: 9954.915 Executing non-safepoint VM operation: HandshakeAllThreads (HandshakeForDeflation)
Event: 9954.917 Executing non-safepoint VM operation: HandshakeAllThreads (HandshakeForDeflation) done
Event: 9954.917 Executing non-safepoint VM operation: RendezvousGCThreads
Event: 9954.917 Executing non-safepoint VM operation: RendezvousGCThreads done
Event: 10015.103 Executing non-safepoint VM operation: HandshakeAllThreads (HandshakeForDeflation)
Event: 10015.103 Executing non-safepoint VM operation: HandshakeAllThreads (HandshakeForDeflation) done
Event: 10015.104 Executing non-safepoint VM operation: RendezvousGCThreads
Event: 10015.104 Executing non-safepoint VM operation: RendezvousGCThreads done
Event: 10075.120 Executing non-safepoint VM operation: HandshakeAllThreads (HandshakeForDeflation)
Event: 10075.120 Executing non-safepoint VM operation: HandshakeAllThreads (HandshakeForDeflation) done
Event: 10075.120 Executing non-safepoint VM operation: RendezvousGCThreads
Event: 10075.120 Executing non-safepoint VM operation: RendezvousGCThreads done

Memory protections (0 events):
No events

Nmethod flushes (20 events):
Event: 22.521 Thread 0x000001ea62a3eb40 flushing  nmethod 0x000001ea67a9c390
Event: 22.521 Thread 0x000001ea62a3eb40 flushing  nmethod 0x000001ea67a9cb90
Event: 22.521 Thread 0x000001ea62a3eb40 flushing  nmethod 0x000001ea67aae210
Event: 22.521 Thread 0x000001ea62a3eb40 flushing  nmethod 0x000001ea67aafa90
Event: 22.521 Thread 0x000001ea62a3eb40 flushing  nmethod 0x000001ea67ab0090
Event: 22.521 Thread 0x000001ea62a3eb40 flushing  nmethod 0x000001ea67ab0910
Event: 22.521 Thread 0x000001ea62a3eb40 flushing  nmethod 0x000001ea67ab1010
Event: 22.521 Thread 0x000001ea62a3eb40 flushing  nmethod 0x000001ea67ab1390
Event: 22.521 Thread 0x000001ea62a3eb40 flushing  nmethod 0x000001ea67ab2e10
Event: 22.521 Thread 0x000001ea62a3eb40 flushing  nmethod 0x000001ea67ad6f10
Event: 22.521 Thread 0x000001ea62a3eb40 flushing  nmethod 0x000001ea67ad8210
Event: 22.521 Thread 0x000001ea62a3eb40 flushing  nmethod 0x000001ea67aee410
Event: 22.521 Thread 0x000001ea62a3eb40 flushing  nmethod 0x000001ea67afc990
Event: 22.521 Thread 0x000001ea62a3eb40 flushing  nmethod 0x000001ea67afda10
Event: 22.521 Thread 0x000001ea62a3eb40 flushing  nmethod 0x000001ea67b42510
Event: 22.521 Thread 0x000001ea62a3eb40 flushing  nmethod 0x000001ea67b4b310
Event: 22.521 Thread 0x000001ea62a3eb40 flushing  nmethod 0x000001ea67b4cd90
Event: 22.521 Thread 0x000001ea62a3eb40 flushing  nmethod 0x000001ea67b4d190
Event: 22.521 Thread 0x000001ea62a3eb40 flushing  nmethod 0x000001ea67b6b690
Event: 22.521 Thread 0x000001ea62a3eb40 flushing  nmethod 0x000001ea67b89e90

Events (20 events):
Event: 22.577 Thread 0x000001ea7e15e400 Thread exited: 0x000001ea7e15e400
Event: 22.622 Thread 0x000001ea45d7e540 Thread exited: 0x000001ea45d7e540
Event: 22.687 Thread 0x000001ea7d99d560 Thread added: 0x000001ea45d7d190
Event: 23.054 Thread 0x000001ea7d99b490 Thread added: 0x000001ea45d7d820
Event: 23.054 Thread 0x000001ea45d7d820 Thread exited: 0x000001ea45d7d820
Event: 24.281 Thread 0x000001ea7d99b490 Thread added: 0x000001ea45d7d820
Event: 24.281 Thread 0x000001ea45d7d820 Thread exited: 0x000001ea45d7d820
Event: 24.398 Thread 0x000001ea7d99b490 Thread added: 0x000001ea45d7f260
Event: 24.398 Thread 0x000001ea45d7f260 Thread exited: 0x000001ea45d7f260
Event: 29.373 Thread 0x000001ea45d78ff0 Thread exited: 0x000001ea45d78ff0
Event: 33.196 Thread 0x000001ea45d7d190 Thread exited: 0x000001ea45d7d190
Event: 33.778 Thread 0x000001ea62a5bd50 Thread added: 0x000001ea46998710
Event: 40.036 Thread 0x000001ea46998710 Thread exited: 0x000001ea46998710
Event: 94.837 Thread 0x000001ea45d7f8f0 Thread exited: 0x000001ea45d7f8f0
Event: 94.837 Thread 0x000001ea45d79d10 Thread exited: 0x000001ea45d79d10
Event: 94.838 Thread 0x000001ea7d99b490 Thread exited: 0x000001ea7d99b490
Event: 94.867 Thread 0x000001ea45d7c470 Thread exited: 0x000001ea45d7c470
Event: 94.914 Thread 0x000001ea7d99bb20 Thread exited: 0x000001ea7d99bb20
Event: 154.851 Thread 0x000001ea45d7deb0 Thread exited: 0x000001ea45d7deb0
Event: 214.863 Thread 0x000001ea45d7cb00 Thread exited: 0x000001ea45d7cb00


Dynamic libraries:
0x00007ff615400000 - 0x00007ff61540e000 	c:\Users\munsa\.vscode\extensions\redhat.java-1.53.0-win32-x64\jre\21.0.10-win32-x86_64\bin\java.exe
0x00007ff9feb80000 - 0x00007ff9fede7000 	C:\WINDOWS\SYSTEM32\ntdll.dll
0x00007ff9fcb90000 - 0x00007ff9fcc59000 	C:\WINDOWS\System32\KERNEL32.DLL
0x00007ff9fb8d0000 - 0x00007ff9fbcc4000 	C:\WINDOWS\System32\KERNELBASE.dll
0x00007ff9fb6d0000 - 0x00007ff9fb81b000 	C:\WINDOWS\System32\ucrtbase.dll
0x00007ff9db110000 - 0x00007ff9db128000 	c:\Users\munsa\.vscode\extensions\redhat.java-1.53.0-win32-x64\jre\21.0.10-win32-x86_64\bin\jli.dll
0x00007ff9ec520000 - 0x00007ff9ec53e000 	c:\Users\munsa\.vscode\extensions\redhat.java-1.53.0-win32-x64\jre\21.0.10-win32-x86_64\bin\VCRUNTIME140.dll
0x00007ff9fe6a0000 - 0x00007ff9fe865000 	C:\WINDOWS\System32\USER32.dll
0x00007ff9fbf00000 - 0x00007ff9fbf27000 	C:\WINDOWS\System32\win32u.dll
0x00007ff9e86e0000 - 0x00007ff9e8973000 	C:\WINDOWS\WinSxS\amd64_microsoft.windows.common-controls_6595b64144ccf1df_6.0.26100.8115_none_3e075c82e3354f9c\COMCTL32.dll
0x00007ff9fcae0000 - 0x00007ff9fcb89000 	C:\WINDOWS\System32\msvcrt.dll
0x00007ff9fd740000 - 0x00007ff9fd76b000 	C:\WINDOWS\System32\GDI32.dll
0x00007ff9fb450000 - 0x00007ff9fb57a000 	C:\WINDOWS\System32\gdi32full.dll
0x00007ff9fb820000 - 0x00007ff9fb8c3000 	C:\WINDOWS\System32\msvcp_win.dll
0x00007ff9fdef0000 - 0x00007ff9fdf22000 	C:\WINDOWS\System32\IMM32.DLL
0x00007ff9ef600000 - 0x00007ff9ef60c000 	c:\Users\munsa\.vscode\extensions\redhat.java-1.53.0-win32-x64\jre\21.0.10-win32-x86_64\bin\vcruntime140_1.dll
0x00007ff9c0580000 - 0x00007ff9c060d000 	c:\Users\munsa\.vscode\extensions\redhat.java-1.53.0-win32-x64\jre\21.0.10-win32-x86_64\bin\msvcp140.dll
0x00007ff9071e0000 - 0x00007ff907f81000 	c:\Users\munsa\.vscode\extensions\redhat.java-1.53.0-win32-x64\jre\21.0.10-win32-x86_64\bin\server\jvm.dll
0x00007ff9fd410000 - 0x00007ff9fd4c6000 	C:\WINDOWS\System32\ADVAPI32.dll
0x00007ff9fd210000 - 0x00007ff9fd2b7000 	C:\WINDOWS\System32\sechost.dll
0x00007ff9fd0f0000 - 0x00007ff9fd208000 	C:\WINDOWS\System32\RPCRT4.dll
0x00007ff9fca20000 - 0x00007ff9fcaa0000 	C:\WINDOWS\System32\WS2_32.dll
0x00007ff9f2090000 - 0x00007ff9f20c6000 	C:\WINDOWS\SYSTEM32\WINMM.dll
0x00007ff9f20d0000 - 0x00007ff9f20db000 	C:\WINDOWS\SYSTEM32\VERSION.dll
0x00007ff9fa070000 - 0x00007ff9fa0ce000 	C:\WINDOWS\SYSTEM32\POWRPROF.dll
0x00007ff9fa050000 - 0x00007ff9fa064000 	C:\WINDOWS\SYSTEM32\UMPDC.dll
0x00007ff9fa300000 - 0x00007ff9fa31b000 	C:\WINDOWS\SYSTEM32\kernel.appcore.dll
0x00007ff9eda70000 - 0x00007ff9eda7a000 	c:\Users\munsa\.vscode\extensions\redhat.java-1.53.0-win32-x64\jre\21.0.10-win32-x86_64\bin\jimage.dll
0x00007ff9ecd90000 - 0x00007ff9ecfd2000 	C:\WINDOWS\SYSTEM32\DBGHELP.DLL
0x00007ff9fd770000 - 0x00007ff9fdaf2000 	C:\WINDOWS\System32\combase.dll
0x00007ff9fd4f0000 - 0x00007ff9fd5c7000 	C:\WINDOWS\System32\OLEAUT32.dll
0x00007ff9e6960000 - 0x00007ff9e699b000 	C:\WINDOWS\SYSTEM32\dbgcore.DLL
0x00007ff9fbcd0000 - 0x00007ff9fbd75000 	C:\WINDOWS\System32\bcryptPrimitives.dll
0x00007ff9e8f40000 - 0x00007ff9e8f4f000 	c:\Users\munsa\.vscode\extensions\redhat.java-1.53.0-win32-x64\jre\21.0.10-win32-x86_64\bin\instrument.dll
0x00007ff9d9c50000 - 0x00007ff9d9c70000 	c:\Users\munsa\.vscode\extensions\redhat.java-1.53.0-win32-x64\jre\21.0.10-win32-x86_64\bin\java.dll
0x00007ff9fdf30000 - 0x00007ff9fe696000 	C:\WINDOWS\System32\SHELL32.dll
0x00007ff9fbf30000 - 0x00007ff9fc09a000 	C:\WINDOWS\System32\wintypes.dll
0x00007ff9fc0a0000 - 0x00007ff9fc905000 	C:\WINDOWS\System32\windows.storage.dll
0x00007ff9fc910000 - 0x00007ff9fca07000 	C:\WINDOWS\System32\SHCORE.dll
0x00007ff9fd6d0000 - 0x00007ff9fd736000 	C:\WINDOWS\System32\shlwapi.dll
0x00007ff9fb370000 - 0x00007ff9fb399000 	C:\WINDOWS\SYSTEM32\profapi.dll
0x00007ff9d9c10000 - 0x00007ff9d9c28000 	c:\Users\munsa\.vscode\extensions\redhat.java-1.53.0-win32-x64\jre\21.0.10-win32-x86_64\bin\zip.dll
0x00007ff9ec2d0000 - 0x00007ff9ec2e0000 	C:\Users\munsa\.vscode\extensions\redhat.java-1.53.0-win32-x64\jre\21.0.10-win32-x86_64\bin\net.dll
0x00007ff9f5250000 - 0x00007ff9f537d000 	C:\WINDOWS\SYSTEM32\WINHTTP.dll
0x00007ff9fa870000 - 0x00007ff9fa8dc000 	C:\WINDOWS\system32\mswsock.dll
0x00007ff9c8320000 - 0x00007ff9c8336000 	C:\Users\munsa\.vscode\extensions\redhat.java-1.53.0-win32-x64\jre\21.0.10-win32-x86_64\bin\nio.dll
0x00007ff9e14d0000 - 0x00007ff9e14e0000 	c:\Users\munsa\.vscode\extensions\redhat.java-1.53.0-win32-x64\jre\21.0.10-win32-x86_64\bin\verify.dll
0x00007ff9c1ad0000 - 0x00007ff9c1b15000 	C:\Users\munsa\AppData\Roaming\Code\User\globalStorage\redhat.java\1.53.0\config_win\org.eclipse.equinox.launcher\org.eclipse.equinox.launcher.win32.win32.x86_64_1.3.0.v20260203-2149\eclipse_11919.dll
0x00007ff9fdd50000 - 0x00007ff9fdee7000 	C:\WINDOWS\System32\ole32.dll
0x00007ff9fab60000 - 0x00007ff9fab7b000 	C:\WINDOWS\SYSTEM32\CRYPTSP.dll
0x00007ff9fa260000 - 0x00007ff9fa299000 	C:\WINDOWS\system32\rsaenh.dll
0x00007ff9fa920000 - 0x00007ff9fa953000 	C:\WINDOWS\SYSTEM32\USERENV.dll
0x00007ff9fb340000 - 0x00007ff9fb36a000 	C:\WINDOWS\SYSTEM32\bcrypt.dll
0x00007ff9fab50000 - 0x00007ff9fab5c000 	C:\WINDOWS\SYSTEM32\CRYPTBASE.dll
0x00007ff9f9cc0000 - 0x00007ff9f9cf2000 	C:\WINDOWS\SYSTEM32\IPHLPAPI.DLL
0x00007ff9fd2c0000 - 0x00007ff9fd2ca000 	C:\WINDOWS\System32\NSI.dll
0x00007ff9be2a0000 - 0x00007ff9be2e9000 	C:\Users\munsa\AppData\Local\Temp\jna-104258708\jna12029344323451212875.dll
0x00007ff9fe870000 - 0x00007ff9fe878000 	C:\WINDOWS\System32\PSAPI.DLL
0x00007ff9f56b0000 - 0x00007ff9f56cd000 	C:\WINDOWS\SYSTEM32\dhcpcsvc6.DLL
0x00007ff9f5680000 - 0x00007ff9f56a5000 	C:\WINDOWS\SYSTEM32\dhcpcsvc.DLL
0x00007ff9ef830000 - 0x00007ff9ef83e000 	C:\Users\munsa\.vscode\extensions\redhat.java-1.53.0-win32-x64\jre\21.0.10-win32-x86_64\bin\sunmscapi.dll
0x00007ff9fbd80000 - 0x00007ff9fbef7000 	C:\WINDOWS\System32\CRYPT32.dll
0x00007ff9fad70000 - 0x00007ff9fada0000 	C:\WINDOWS\SYSTEM32\ncrypt.dll
0x00007ff9fad20000 - 0x00007ff9fad5f000 	C:\WINDOWS\SYSTEM32\NTASN1.dll
0x00007ff9f9d60000 - 0x00007ff9f9e92000 	C:\WINDOWS\SYSTEM32\DNSAPI.dll
0x00007ff9f3fb0000 - 0x00007ff9f3fbb000 	C:\Windows\System32\rasadhlp.dll
0x00007ff9f5c80000 - 0x00007ff9f5d06000 	C:\WINDOWS\System32\fwpuclnt.dll
0x00007ff9edcb0000 - 0x00007ff9edcb9000 	C:\Users\munsa\.vscode\extensions\redhat.java-1.53.0-win32-x64\jre\21.0.10-win32-x86_64\bin\extnet.dll
0x00007ff9edc80000 - 0x00007ff9edca7000 	C:\Users\munsa\.gradle\native\1def1411415f61bf3af743bc5b6707747c0891f09f0c88961ee8f79bc544acac\windows-amd64\native-platform.dll
0x00007ff9df410000 - 0x00007ff9df41a000 	C:\Users\munsa\.vscode\extensions\redhat.java-1.53.0-win32-x64\jre\21.0.10-win32-x86_64\bin\management.dll
0x00007ff9dc550000 - 0x00007ff9dc55c000 	C:\Users\munsa\.vscode\extensions\redhat.java-1.53.0-win32-x64\jre\21.0.10-win32-x86_64\bin\management_ext.dll
0x00007ff9730b0000 - 0x00007ff9730b8000 	C:\WINDOWS\system32\wshunix.dll

JVMTI agents:
c:\Users\munsa\.vscode\extensions\redhat.java-1.53.0-win32-x64\lombok\lombok-1.18.39-4050.jar path:c:\Users\munsa\.vscode\extensions\redhat.java-1.53.0-win32-x64\jre\21.0.10-win32-x86_64\bin\instrument.dll, loaded, initialized, instrumentlib options:none

dbghelp: loaded successfully - version: 4.0.5 - missing functions: none
symbol engine: initialized successfully - sym options: 0x614 - pdb path: .;c:\Users\munsa\.vscode\extensions\redhat.java-1.53.0-win32-x64\jre\21.0.10-win32-x86_64\bin;C:\WINDOWS\SYSTEM32;C:\WINDOWS\WinSxS\amd64_microsoft.windows.common-controls_6595b64144ccf1df_6.0.26100.8115_none_3e075c82e3354f9c;c:\Users\munsa\.vscode\extensions\redhat.java-1.53.0-win32-x64\jre\21.0.10-win32-x86_64\bin\server;C:\Users\munsa\AppData\Roaming\Code\User\globalStorage\redhat.java\1.53.0\config_win\org.eclipse.equinox.launcher\org.eclipse.equinox.launcher.win32.win32.x86_64_1.3.0.v20260203-2149;C:\Users\munsa\AppData\Local\Temp\jna-104258708;C:\Users\munsa\.gradle\native\1def1411415f61bf3af743bc5b6707747c0891f09f0c88961ee8f79bc544acac\windows-amd64

VM Arguments:
jvm_args: --add-modules=ALL-SYSTEM --add-opens=java.base/java.util=ALL-UNNAMED --add-opens=java.base/java.lang=ALL-UNNAMED --add-opens=java.base/sun.nio.fs=ALL-UNNAMED -Declipse.application=org.eclipse.jdt.ls.core.id1 -Dosgi.bundles.defaultStartLevel=4 -Declipse.product=org.eclipse.jdt.ls.core.product -Djava.import.generatesMetadataFilesAtProjectRoot=false -DDetectVMInstallationsJob.disabled=true -Dfile.encoding=utf8 -XX:+UseParallelGC -XX:GCTimeRatio=4 -XX:AdaptiveSizePolicyWeight=90 -Dsun.zip.disableMemoryMapping=true -Xmx2G -Xms100m -Xlog:disable -javaagent:c:\Users\munsa\.vscode\extensions\redhat.java-1.53.0-win32-x64\lombok\lombok-1.18.39-4050.jar -XX:+HeapDumpOnOutOfMemoryError -XX:HeapDumpPath=c:\Users\munsa\AppData\Roaming\Code\User\workspaceStorage\7de210c26970b6d74fe4372243838d8d\redhat.java -Daether.dependencyCollector.impl=bf 
java_command: c:\Users\munsa\.vscode\extensions\redhat.java-1.53.0-win32-x64\server\plugins\org.eclipse.equinox.launcher_1.7.100.v20251111-0406.jar -configuration c:\Users\munsa\AppData\Roaming\Code\User\globalStorage\redhat.java\1.53.0\config_win -data c:\Users\munsa\AppData\Roaming\Code\User\workspaceStorage\7de210c26970b6d74fe4372243838d8d\redhat.java\jdt_ws --pipe=\\.\pipe\lsp-de995214713acab3c94ae94364e01b07-sock
java_class_path (initial): c:\Users\munsa\.vscode\extensions\redhat.java-1.53.0-win32-x64\server\plugins\org.eclipse.equinox.launcher_1.7.100.v20251111-0406.jar
Launcher Type: SUN_STANDARD

[Global flags]
    uintx AdaptiveSizePolicyWeight                 = 90                                        {product} {command line}
     intx CICompilerCount                          = 4                                         {product} {ergonomic}
    uintx GCTimeRatio                              = 4                                         {product} {command line}
     bool HeapDumpOnOutOfMemoryError               = true                                   {manageable} {command line}
    ccstr HeapDumpPath                             = c:\Users\munsa\AppData\Roaming\Code\User\workspaceStorage\7de210c26970b6d74fe4372243838d8d\redhat.java         {manageable} {command line}
   size_t InitialHeapSize                          = 104857600                                 {product} {command line}
   size_t MaxHeapSize                              = 2147483648                                {product} {command line}
   size_t MaxNewSize                               = 715653120                                 {product} {ergonomic}
   size_t MinHeapDeltaBytes                        = 524288                                    {product} {ergonomic}
   size_t MinHeapSize                              = 104857600                                 {product} {command line}
   size_t NewSize                                  = 34603008                                  {product} {ergonomic}
    uintx NonNMethodCodeHeapSize                   = 5839372                                {pd product} {ergonomic}
    uintx NonProfiledCodeHeapSize                  = 122909434                              {pd product} {ergonomic}
   size_t OldSize                                  = 70254592                                  {product} {ergonomic}
    uintx ProfiledCodeHeapSize                     = 122909434                              {pd product} {ergonomic}
    uintx ReservedCodeCacheSize                    = 251658240                              {pd product} {ergonomic}
     bool SegmentedCodeCache                       = true                                      {product} {ergonomic}
   size_t SoftMaxHeapSize                          = 2147483648                             {manageable} {ergonomic}
     bool UseCompressedOops                        = true                           {product lp64_product} {ergonomic}
     bool UseLargePagesIndividualAllocation        = false                                  {pd product} {ergonomic}
     bool UseParallelGC                            = true                                      {product} {command line}

Logging:
Log output configuration:
 #0: stdout all=off uptime,level,tags foldmultilines=false
 #1: stderr all=off uptime,level,tags foldmultilines=false

Release file:
JAVA_VERSION="21.0.10" 
MODULES="java.base java.compiler java.datatransfer java.xml java.prefs java.desktop java.instrument java.logging java.management java.security.sasl java.naming java.rmi java.management.rmi java.net.http java.scripting java.security.jgss java.transaction.xa java.sql java.sql.rowset java.xml.crypto java.se java.smartcardio jdk.accessibility jdk.internal.jvmstat jdk.attach jdk.charsets jdk.internal.opt jdk.zipfs jdk.compiler jdk.crypto.ec jdk.crypto.cryptoki jdk.crypto.mscapi jdk.dynalink jdk.internal.ed jdk.editpad jdk.hotspot.agent jdk.httpserver jdk.internal.le jdk.internal.vm.ci jdk.internal.vm.compiler jdk.internal.vm.compiler.management jdk.jartool jdk.javadoc jdk.jcmd jdk.management jdk.management.agent jdk.jconsole jdk.jdeps jdk.jdwp.agent jdk.jdi jdk.jfr jdk.jshell jdk.jsobject jdk.jstatd jdk.localedata jdk.management.jfr jdk.naming.dns jdk.naming.rmi jdk.net jdk.nio.mapmode jdk.random jdk.sctp jdk.security.auth jdk.security.jgss jdk.unsupported jdk.unsupported.desktop jdk.xml.dom" 

Environment Variables:
JAVA_HOME=C:\Users\munsa\Downloads\openjdk-21.0.2_windows-x64_bin.zip\jdk-21.0.2
PATH=C:\Microsoft VS Code;C:\Program Files (x86)\Razer\ChromaBroadcast\bin;C:\Program Files\Razer\ChromaBroadcast\bin;C:\Windows\system32;C:\Windows;C:\Windows\System32\Wbem;C:\Windows\System32\WindowsPowerShell\v1.0\;C:\Windows\System32\OpenSSH\;C:\WINDOWS\system32;C:\WINDOWS;C:\WINDOWS\System32\Wbem;C:\WINDOWS\System32\WindowsPowerShell\v1.0\;C:\WINDOWS\System32\OpenSSH\;C:\Users\munsa\Downloads\openjdk-21.0.2_windows-x64_bin.zip\jdk-21.0.2\bin;C:\WINDOWS\system32\config\systemprofile\AppData\Local\Microsoft\WindowsApps;C:\Program Files (x86)\NVIDIA Corporation\PhysX\Common;C:\Program Files\NVIDIA Corporation\NVIDIA app\NvDLISR;C:\WINDOWS\system32;C:\WINDOWS;C:\WINDOWS\System32\Wbem;C:\WINDOWS\System32\WindowsPowerShell\v1.0\;C:\WINDOWS\System32\OpenSSH\;C:\Program Files\Git\cmd;C:\Users\munsa\AppData\Local\Programs\Python\Launcher\;C:\Users\munsa\AppData\Local\Microsoft\WindowsApps;C:\Microsoft VS Code\bin;C:\Users\munsa\AppData\Local\Programs\Windsurf\bin;C:\Users\munsa\Downloads\flutter\bin;
USERNAME=munsa
OS=Windows_NT
PROCESSOR_IDENTIFIER=AMD64 Family 25 Model 68 Stepping 1, AuthenticAMD
TMP=C:\Users\munsa\AppData\Local\Temp
TEMP=C:\Users\munsa\AppData\Local\Temp




Periodic native trim disabled

---------------  S Y S T E M  ---------------

OS:
 Windows 11 , 64 bit Build 26100 (10.0.26100.8115)
OS uptime: 0 days 10:04 hours

CPU: total 12 (initial active 12) (12 cores per cpu, 2 threads per core) family 25 model 68 stepping 1 microcode 0xa404102, cx8, cmov, fxsr, ht, mmx, 3dnowpref, sse, sse2, sse3, ssse3, sse4a, sse4.1, sse4.2, popcnt, lzcnt, tsc, tscinvbit, avx, avx2, aes, erms, clmul, bmi1, bmi2, adx, sha, fma, vzeroupper, clflush, clflushopt, rdtscp, rdpid, fsrm, f16c, pku, cet_ss
Processor Information for the first 12 processors :
  Max Mhz: 3301, Current Mhz: 3301, Mhz Limit: 3301

Memory: 4k page, system-wide physical 7365M (918M free)
TotalPageFile size 29893M (AvailPageFile size 0M)
current process WorkingSet (physical memory assigned to process): 9M, peak: 253M
current process commit charge ("private bytes"): 372M, peak: 402M

vm_info: OpenJDK 64-Bit Server VM (21.0.10+7-LTS) for windows-amd64 JRE (21.0.10+7-LTS), built on 2026-01-20T00:00:00Z by "admin" with MS VC++ 17.12 (VS2022)

END.
